<?xml version="1.0" encoding="UTF-8"?>
<testng-results ignored="0" total="1" passed="1" failed="0" skipped="0">
  <reporter-output>
  </reporter-output>
  <suite started-at="2023-07-25T04:45:17 IST" name="Default suite" finished-at="2023-07-25T04:45:25 IST" duration-ms="8700">
    <groups>
    </groups>
    <test started-at="2023-07-25T04:45:17 IST" name="Default test" finished-at="2023-07-25T04:45:25 IST" duration-ms="8700">
      <class name="tests.OrderFlowTest">
        <test-method is-config="true" signature="setup()[pri:0, instance:tests.OrderFlowTest@663c9e7a]" started-at="2023-07-25T04:45:17 IST" name="setup" finished-at="2023-07-25T04:45:23 IST" duration-ms="6092" status="PASS">
          <reporter-output>
          </reporter-output>
        </test-method> <!-- setup -->
        <test-method signature="OrderFlowTestProduct()[pri:0, instance:tests.OrderFlowTest@663c9e7a]" started-at="2023-07-25T04:45:23 IST" name="OrderFlowTestProduct" finished-at="2023-07-25T04:45:25 IST" duration-ms="2252" status="PASS">
          <reporter-output>
          </reporter-output>
        </test-method> <!-- OrderFlowTestProduct -->
        <test-method is-config="true" signature="closeBrowser()[pri:0, instance:tests.OrderFlowTest@663c9e7a]" started-at="2023-07-25T04:45:25 IST" name="closeBrowser" finished-at="2023-07-25T04:45:25 IST" duration-ms="263" status="PASS">
          <reporter-output>
          </reporter-output>
        </test-method> <!-- closeBrowser -->
      </class> <!-- tests.OrderFlowTest -->
    </test> <!-- Default test -->
  </suite> <!-- Default suite -->
</testng-results>
